[debug] [2022-06-27T13:04:14.260Z] ----------------------------------------------------------------------
[debug] [2022-06-27T13:04:14.263Z] Command:       C:\Program Files\nodejs\node.exe C:\Users\hp\AppData\Roaming\npm\node_modules\firebase-tools\lib\bin\firebase.js init
[debug] [2022-06-27T13:04:14.263Z] CLI Version:   11.1.0
[debug] [2022-06-27T13:04:14.264Z] Platform:      win32
[debug] [2022-06-27T13:04:14.264Z] Node Version:  v16.13.1
[debug] [2022-06-27T13:04:14.265Z] Time:          Mon Jun 27 2022 19:04:14 GMT+0600 (Bangladesh Standard Time)
[debug] [2022-06-27T13:04:14.266Z] ----------------------------------------------------------------------
[debug] 
[debug] [2022-06-27T13:04:14.353Z] > command requires scopes: ["email","openid","https://www.googleapis.com/auth/cloudplatformprojects.readonly","https://www.googleapis.com/auth/firebase","https://www.googleapis.com/auth/cloud-platform"]
[debug] [2022-06-27T13:04:14.354Z] > authorizing via signed-in user (mansurahmed75236@gmail.com)
[info] 
     ######## #### ########  ######## ########     ###     ######  ########
     ##        ##  ##     ## ##       ##     ##  ##   ##  ##       ##
     ######    ##  ########  ######   ########  #########  ######  ######
     ##        ##  ##    ##  ##       ##     ## ##     ##       ## ##
     ##       #### ##     ## ######## ########  ##     ##  ######  ########

You're about to initialize a Firebase project in this directory:

  C:\Users\hp\Music\last-assignment-main

Before we get started, keep in mind:

  * You are initializing within an existing Firebase project directory

[debug] [2022-06-27T13:07:11.733Z] ----------------------------------------------------------------------
[debug] [2022-06-27T13:07:11.736Z] Command:       C:\Program Files\nodejs\node.exe C:\Users\hp\AppData\Roaming\npm\node_modules\firebase-tools\lib\bin\firebase.js init
[debug] [2022-06-27T13:07:11.737Z] CLI Version:   11.1.0
[debug] [2022-06-27T13:07:11.737Z] Platform:      win32
[debug] [2022-06-27T13:07:11.737Z] Node Version:  v16.13.1
[debug] [2022-06-27T13:07:11.738Z] Time:          Mon Jun 27 2022 19:07:11 GMT+0600 (Bangladesh Standard Time)
[debug] [2022-06-27T13:07:11.738Z] ----------------------------------------------------------------------
[debug] 
[debug] [2022-06-27T13:07:11.842Z] > command requires scopes: ["email","openid","https://www.googleapis.com/auth/cloudplatformprojects.readonly","https://www.googleapis.com/auth/firebase","https://www.googleapis.com/auth/cloud-platform"]
[debug] [2022-06-27T13:07:11.843Z] > authorizing via signed-in user (mansurahmed75236@gmail.com)
[info] 
     ######## #### ########  ######## ########     ###     ######  ########
     ##        ##  ##     ## ##       ##     ##  ##   ##  ##       ##
     ######    ##  ########  ######   ########  #########  ######  ######
     ##        ##  ##    ##  ##       ##     ## ##     ##       ## ##
     ##       #### ##     ## ######## ########  ##     ##  ######  ########

You're about to initialize a Firebase project in this directory:

  C:\Users\hp\Music\The Manufacturer

Before we get started, keep in mind:

  * You are initializing within an existing Firebase project directory

